

Microchip MPLAB XC8 Assembler V2.05 build -831301201 
                                                                                               Sun Oct 11 22:13:45 2020

Microchip MPLAB XC8 C Compiler v2.05 (Free license) build 20181220022703 Og1 
     1                           	processor	16F630
     2                           	opt	pw 120
     3                           	opt	flic
     4                           	psect	cinit,global,class=CODE,merge=1,delta=2
     5                           	psect	cstackBANK0,global,class=BANK0,space=1,delta=1
     6                           	psect	maintext,global,class=CODE,split=1,delta=2
     7                           	dabs	1,0x5E,2
     8  0000                     
     9                           ; Version 2.05
    10                           ; Generated 20/12/2018 GMT
    11                           ; 
    12                           ; Copyright © 2018, Microchip Technology Inc. and its subsidiaries ("Microchip")
    13                           ; All rights reserved.
    14                           ; 
    15                           ; This software is developed by Microchip Technology Inc. and its subsidiaries ("Microch
      +                          ip").
    16                           ; 
    17                           ; Redistribution and use in source and binary forms, with or without modification, are
    18                           ; permitted provided that the following conditions are met:
    19                           ; 
    20                           ;     1. Redistributions of source code must retain the above copyright notice, this lis
      +                          t of
    21                           ;        conditions and the following disclaimer.
    22                           ; 
    23                           ;     2. Redistributions in binary form must reproduce the above copyright notice, this 
      +                          list
    24                           ;        of conditions and the following disclaimer in the documentation and/or other
    25                           ;        materials provided with the distribution.
    26                           ; 
    27                           ;     3. Microchip's name may not be used to endorse or promote products derived from th
      +                          is
    28                           ;        software without specific prior written permission.
    29                           ; 
    30                           ; THIS SOFTWARE IS PROVIDED BY MICROCHIP "AS IS" AND ANY EXPRESS OR IMPLIED WARRANTIES,
    31                           ; INCLUDING, BUT NOT LIMITED TO, THE IMPLIED WARRANTIES OF MERCHANTABILITY AND FITNESS F
      +                          OR
    32                           ; PURPOSE ARE DISCLAIMED.  IN NO EVENT SHALL MICROCHIP BE LIABLE FOR ANY DIRECT, INDIREC
      +                          T,
    33                           ; INCIDENTAL, SPECIAL, EXEMPLARY, OR CONSEQUENTIAL DAMAGES (INCLUDING BUT NOT LIMITED TO
    34                           ; PROCUREMENT OF SUBSTITUTE GOODS OR SERVICES; LOSS OF USE, DATA OR PROFITS; OR BUSINESS
    35                           ; INTERRUPTION) HOWSOEVER CAUSED AND ON ANY THEORY OF LIABILITY, WHETHER IN CONTRACT, ST
      +                          RICT
    36                           ; LIABILITY, OR TORT (INCLUDING NEGLIGENCE OR OTHERWISE) ARISING IN ANY WAY OUT OF THE U
      +                          SE OF
    37                           ; THIS SOFTWARE, EVEN IF ADVISED OF THE POSSIBILITY OF SUCH DAMAGE.
    38                           ; 
    39                           ; 
    40                           ; Code-generator required, PIC16F630 Definitions
    41                           ; 
    42                           ; SFR Addresses
    43  0000                     	;# 
    44  0001                     	;# 
    45  0002                     	;# 
    46  0003                     	;# 
    47  0004                     	;# 
    48  0005                     	;# 
    49  0007                     	;# 
    50  000A                     	;# 
    51  000B                     	;# 
    52  000C                     	;# 
    53  000E                     	;# 
    54  000E                     	;# 
    55  000F                     	;# 
    56  0010                     	;# 
    57  0019                     	;# 
    58  0081                     	;# 
    59  0085                     	;# 
    60  0087                     	;# 
    61  008C                     	;# 
    62  008E                     	;# 
    63  0090                     	;# 
    64  0095                     	;# 
    65  0095                     	;# 
    66  0096                     	;# 
    67  0096                     	;# 
    68  0099                     	;# 
    69  009A                     	;# 
    70  009A                     	;# 
    71  009B                     	;# 
    72  009C                     	;# 
    73  009D                     	;# 
    74  0000                     	;# 
    75  0001                     	;# 
    76  0002                     	;# 
    77  0003                     	;# 
    78  0004                     	;# 
    79  0005                     	;# 
    80  0007                     	;# 
    81  000A                     	;# 
    82  000B                     	;# 
    83  000C                     	;# 
    84  000E                     	;# 
    85  000E                     	;# 
    86  000F                     	;# 
    87  0010                     	;# 
    88  0019                     	;# 
    89  0081                     	;# 
    90  0085                     	;# 
    91  0087                     	;# 
    92  008C                     	;# 
    93  008E                     	;# 
    94  0090                     	;# 
    95  0095                     	;# 
    96  0095                     	;# 
    97  0096                     	;# 
    98  0096                     	;# 
    99  0099                     	;# 
   100  009A                     	;# 
   101  009A                     	;# 
   102  009B                     	;# 
   103  009C                     	;# 
   104  009D                     	;# 
   105  0007                     _PORTCbits	set	7
   106  0007                     _PORTC	set	7
   107  0005                     _PORTA	set	5
   108  0019                     _CMCON	set	25
   109  000B                     _INTCON	set	11
   110  0028                     _RA0	set	40
   111  0029                     _RA1	set	41
   112  002A                     _RA2	set	42
   113  0087                     _TRISC	set	135
   114  0085                     _TRISA	set	133
   115  0428                     _TRISA0	set	1064
   116                           
   117                           ; #config settings
   118  0000                     
   119                           	psect	cinit
   120  03FD                     start_initialization:	
   121  03FD                     __initialization:	
   122  03FD                     end_of_initialization:	
   123                           ;End of C runtime variable initialization code
   124                           
   125  03FD                     __end_of__initialization:	
   126  03FD  0183               	clrf	3
   127  03FE  2B3A               	ljmp	_main	;jump to C main() function
   128                           
   129                           	psect	cstackBANK0
   130  0020                     __pcstackBANK0:	
   131  0020                     ?_main:	
   132  0020                     ??_main:	
   133                           ; 1 bytes @ 0x0
   134                           
   135                           
   136                           ; 1 bytes @ 0x0
   137  0020                     	ds	4
   138  0024                     main@turboCounter:	
   139                           
   140                           ; 1 bytes @ 0x4
   141  0024                     	ds	1
   142  0025                     main@i:	
   143                           
   144                           ; 2 bytes @ 0x5
   145  0025                     	ds	2
   146  0027                     main@buttons:	
   147                           
   148                           ; 1 bytes @ 0x7
   149  0027                     	ds	1
   150                           
   151                           	psect	maintext
   152  033A                     __pmaintext:	
   153 ;;
   154 ;;Main: autosize = 0, tempsize = 4, incstack = 0, save=0
   155 ;;
   156 ;; *************** function _main *****************
   157 ;; Defined at:
   158 ;;		line 21 in file "newmain.c"
   159 ;; Parameters:    Size  Location     Type
   160 ;;		None
   161 ;; Auto vars:     Size  Location     Type
   162 ;;  i               2    5[BANK0 ] int 
   163 ;;  buttons         1    7[BANK0 ] unsigned char 
   164 ;;  turboCounter    1    4[BANK0 ] unsigned char 
   165 ;; Return value:  Size  Location     Type
   166 ;;                  1    wreg      void 
   167 ;; Registers used:
   168 ;;		wreg, status,2, status,0
   169 ;; Tracked objects:
   170 ;;		On entry : B00/0
   171 ;;		On exit  : 0/0
   172 ;;		Unchanged: 0/0
   173 ;; Data sizes:     COMMON   BANK0
   174 ;;      Params:         0       0
   175 ;;      Locals:         0       4
   176 ;;      Temps:          0       4
   177 ;;      Totals:         0       8
   178 ;;Total ram usage:        8 bytes
   179 ;; This function calls:
   180 ;;		Nothing
   181 ;; This function is called by:
   182 ;;		Startup code after reset
   183 ;; This function uses a non-reentrant model
   184 ;;
   185                           
   186                           
   187                           ;psect for function _main
   188  033A                     _main:	
   189                           
   190                           ;newmain.c: 22:     INTCON = 0;
   191                           
   192                           ;incstack = 0
   193                           ; Regs used in _main: [wreg+status,2+status,0]
   194  033A  018B               	clrf	11	;volatile
   195                           
   196                           ;newmain.c: 23:     CMCON = 0x07;
   197  033B  3007               	movlw	7
   198  033C  1283               	bcf	3,5	;RP0=0, select bank0
   199  033D  0099               	movwf	25	;volatile
   200                           
   201                           ;newmain.c: 25:     TRISA = 0;
   202  033E  1683               	bsf	3,5	;RP0=1, select bank1
   203  033F  0185               	clrf	5	;volatile
   204                           
   205                           ;newmain.c: 26:     TRISC = 0;
   206  0340  0187               	clrf	7	;volatile
   207                           
   208                           ;newmain.c: 28:     PORTA = 0;
   209  0341  1283               	bcf	3,5	;RP0=0, select bank0
   210  0342  0185               	clrf	5	;volatile
   211                           
   212                           ;newmain.c: 29:     PORTC = 0;
   213  0343  0187               	clrf	7	;volatile
   214                           
   215                           ;newmain.c: 34:     TRISA0 = 1;
   216  0344  1683               	bsf	3,5	;RP0=1, select bank1
   217  0345  1405               	bsf	5,0	;volatile
   218                           
   219                           ;newmain.c: 37:     RA2 = 1;
   220  0346  1283               	bcf	3,5	;RP0=0, select bank0
   221  0347  1505               	bsf	5,2	;volatile
   222                           
   223                           ;newmain.c: 39:     uint8_t buttons;;newmain.c: 40:     uint8_t turboCounter = 0xFF;
   224  0348  30FF               	movlw	255
   225  0349  00A0               	movwf	??_main
   226  034A  0820               	movf	??_main,w
   227  034B  00A4               	movwf	main@turboCounter
   228  034C                     l29:	
   229                           ;newmain.c: 42:     while(1) {
   230                           
   231                           
   232                           ;newmain.c: 43:         buttons = 0;
   233  034C  01A7               	clrf	main@buttons
   234                           
   235                           ;newmain.c: 45:         RA1 = 1;
   236  034D  1485               	bsf	5,1	;volatile
   237                           
   238                           ;newmain.c: 46:         _delay((unsigned long)((20)*(4000000/4000000.0)));
   239  034E  3006               	movlw	6
   240  034F  00A0               	movwf	??_main
   241  0350                     u197:	
   242  0350  0BA0               	decfsz	??_main,f
   243  0351  2B50               	goto	u197
   244  0352  0000               	nop
   245                           
   246                           ;newmain.c: 47:         RA1 = 0;
   247  0353  1283               	bcf	3,5	;RP0=0, select bank0
   248  0354  1085               	bcf	5,1	;volatile
   249                           
   250                           ;newmain.c: 48:         _delay((unsigned long)((10)*(4000000/4000000.0)));
   251  0355  3003               	movlw	3
   252  0356  00A0               	movwf	??_main
   253  0357                     u207:	
   254  0357  0BA0               	decfsz	??_main,f
   255  0358  2B57               	goto	u207
   256                           
   257                           ;newmain.c: 50:         for(int i = 7; i >= 0; i--) {
   258  0359  3007               	movlw	7
   259  035A  1283               	bcf	3,5	;RP0=0, select bank0
   260  035B  00A5               	movwf	main@i
   261  035C  3000               	movlw	0
   262  035D  00A6               	movwf	main@i+1
   263  035E                     l30:	
   264                           
   265                           ;newmain.c: 51:             RA2 = 0;
   266  035E  1105               	bcf	5,2	;volatile
   267                           
   268                           ;newmain.c: 52:             _delay((unsigned long)((10)*(4000000/4000000.0)));
   269  035F  3003               	movlw	3
   270  0360  00A0               	movwf	??_main
   271  0361                     u217:	
   272  0361  0BA0               	decfsz	??_main,f
   273  0362  2B61               	goto	u217
   274                           
   275                           ;newmain.c: 54:             buttons |= RA0 << i;
   276  0363  3000               	movlw	0
   277  0364  1283               	bcf	3,5	;RP0=0, select bank0
   278  0365  1805               	btfsc	5,0	;volatile
   279  0366  3001               	movlw	1
   280  0367  00A0               	movwf	??_main
   281  0368  0A25               	incf	main@i,w
   282  0369  2B6C               	goto	u104
   283  036A                     u105:	
   284  036A  1003               	clrc
   285  036B  0DA0               	rlf	??_main,f
   286  036C                     u104:	
   287  036C  3EFF               	addlw	-1
   288  036D  1D03               	skipz
   289  036E  2B6A               	goto	u105
   290  036F  0820               	movf	??_main,w
   291  0370  00A1               	movwf	??_main+1
   292  0371  0821               	movf	??_main+1,w
   293  0372  04A7               	iorwf	main@buttons,f
   294                           
   295                           ;newmain.c: 56:             RA2 = 1;
   296  0373  1505               	bsf	5,2	;volatile
   297                           
   298                           ;newmain.c: 57:             _delay((unsigned long)((10)*(4000000/4000000.0)));
   299  0374  3003               	movlw	3
   300  0375  00A0               	movwf	??_main
   301  0376                     u227:	
   302  0376  0BA0               	decfsz	??_main,f
   303  0377  2B76               	goto	u227
   304                           
   305                           ;newmain.c: 58:         }
   306  0378  30FF               	movlw	255
   307  0379  1283               	bcf	3,5	;RP0=0, select bank0
   308  037A  07A5               	addwf	main@i,f
   309  037B  1803               	skipnc
   310  037C  0AA6               	incf	main@i+1,f
   311  037D  30FF               	movlw	255
   312  037E  07A6               	addwf	main@i+1,f
   313  037F  1FA6               	btfss	main@i+1,7
   314  0380  2B5E               	goto	l30
   315                           
   316                           ;newmain.c: 61:         if (!((buttons >> 6) & 1)) {
   317  0381  0827               	movf	main@buttons,w
   318  0382  00A0               	movwf	??_main
   319  0383  3006               	movlw	6
   320  0384                     u125:	
   321  0384  1003               	clrc
   322  0385  0CA0               	rrf	??_main,f
   323  0386  3EFF               	addlw	-1
   324  0387  1D03               	skipz
   325  0388  2B84               	goto	u125
   326  0389  1820               	btfsc	??_main,0
   327  038A  2B90               	goto	l738
   328                           
   329                           ;newmain.c: 62:             turboCounter++;
   330  038B  3001               	movlw	1
   331  038C  00A0               	movwf	??_main
   332  038D  0820               	movf	??_main,w
   333  038E  07A4               	addwf	main@turboCounter,f
   334                           
   335                           ;newmain.c: 63:         } else {
   336  038F  2B94               	goto	l740
   337  0390                     l738:	
   338                           
   339                           ;newmain.c: 64:             turboCounter = 0xFF;
   340  0390  30FF               	movlw	255
   341  0391  00A0               	movwf	??_main
   342  0392  0820               	movf	??_main,w
   343  0393  00A4               	movwf	main@turboCounter
   344  0394                     l740:	
   345                           
   346                           ;newmain.c: 69:         PORTCbits.RC0 = (buttons >> 2) & 1;
   347  0394  0827               	movf	main@buttons,w
   348  0395  00A0               	movwf	??_main
   349  0396  3002               	movlw	2
   350  0397                     u145:	
   351  0397  1003               	clrc
   352  0398  0CA0               	rrf	??_main,f
   353  0399  3EFF               	addlw	-1
   354  039A  1D03               	skipz
   355  039B  2B97               	goto	u145
   356  039C  3001               	movlw	1
   357  039D  0520               	andwf	??_main,w
   358  039E  00A1               	movwf	??_main+1
   359  039F  0807               	movf	7,w	;volatile
   360  03A0  0621               	xorwf	??_main+1,w
   361  03A1  39FE               	andlw	-2
   362  03A2  0621               	xorwf	??_main+1,w
   363  03A3  0087               	movwf	7	;volatile
   364                           
   365                           ;newmain.c: 71:         PORTCbits.RC1 = (buttons >> 1) & 1;
   366  03A4  0827               	movf	main@buttons,w
   367  03A5  00A0               	movwf	??_main
   368  03A6  1003               	clrc
   369  03A7  0C20               	rrf	??_main,w
   370  03A8  3901               	andlw	1
   371  03A9  00A1               	movwf	??_main+1
   372  03AA  0DA1               	rlf	??_main+1,f
   373  03AB  0807               	movf	7,w	;volatile
   374  03AC  0621               	xorwf	??_main+1,w
   375  03AD  39FD               	andlw	-3
   376  03AE  0621               	xorwf	??_main+1,w
   377  03AF  0087               	movwf	7	;volatile
   378                           
   379                           ;newmain.c: 73:         PORTCbits.RC2 = buttons & 1;
   380  03B0  0827               	movf	main@buttons,w
   381  03B1  3901               	andlw	1
   382  03B2  00A0               	movwf	??_main
   383  03B3  0DA0               	rlf	??_main,f
   384  03B4  0DA0               	rlf	??_main,f
   385  03B5  0807               	movf	7,w	;volatile
   386  03B6  0620               	xorwf	??_main,w
   387  03B7  39FB               	andlw	-5
   388  03B8  0620               	xorwf	??_main,w
   389  03B9  0087               	movwf	7	;volatile
   390                           
   391                           ;newmain.c: 75:         PORTCbits.RC3 = (buttons >> 3) & 1;
   392  03BA  0827               	movf	main@buttons,w
   393  03BB  00A0               	movwf	??_main
   394  03BC  3003               	movlw	3
   395  03BD                     u155:	
   396  03BD  1003               	clrc
   397  03BE  0CA0               	rrf	??_main,f
   398  03BF  3EFF               	addlw	-1
   399  03C0  1D03               	skipz
   400  03C1  2BBD               	goto	u155
   401  03C2  0820               	movf	??_main,w
   402  03C3  3901               	andlw	1
   403  03C4  00A1               	movwf	??_main+1
   404  03C5  0DA1               	rlf	??_main+1,f
   405  03C6  0DA1               	rlf	??_main+1,f
   406  03C7  0DA1               	rlf	??_main+1,f
   407  03C8  0807               	movf	7,w	;volatile
   408  03C9  0621               	xorwf	??_main+1,w
   409  03CA  39F7               	andlw	-9
   410  03CB  0621               	xorwf	??_main+1,w
   411  03CC  0087               	movwf	7	;volatile
   412                           
   413                           ;newmain.c: 77:         PORTCbits.RC4 = ((buttons >> 7) & 1) & ((turboCounter >> 4) & 1)
      +                          ;
   414  03CD  0824               	movf	main@turboCounter,w
   415  03CE  00A0               	movwf	??_main
   416  03CF  3004               	movlw	4
   417  03D0                     u165:	
   418  03D0  1003               	clrc
   419  03D1  0CA0               	rrf	??_main,f
   420  03D2  3EFF               	addlw	-1
   421  03D3  1D03               	skipz
   422  03D4  2BD0               	goto	u165
   423  03D5  3001               	movlw	1
   424  03D6  0520               	andwf	??_main,w
   425  03D7  00A1               	movwf	??_main+1
   426  03D8  0827               	movf	main@buttons,w
   427  03D9  00A2               	movwf	??_main+2
   428  03DA  3007               	movlw	7
   429  03DB                     u175:	
   430  03DB  1003               	clrc
   431  03DC  0CA2               	rrf	??_main+2,f
   432  03DD  3EFF               	addlw	-1
   433  03DE  1D03               	skipz
   434  03DF  2BDB               	goto	u175
   435  03E0  0822               	movf	??_main+2,w
   436  03E1  0521               	andwf	??_main+1,w
   437  03E2  3901               	andlw	1
   438  03E3  00A3               	movwf	??_main+3
   439  03E4  0EA3               	swapf	??_main+3,f
   440  03E5  0807               	movf	7,w	;volatile
   441  03E6  0623               	xorwf	??_main+3,w
   442  03E7  39EF               	andlw	-17
   443  03E8  0623               	xorwf	??_main+3,w
   444  03E9  0087               	movwf	7	;volatile
   445                           
   446                           ;newmain.c: 79:         PORTCbits.RC5 = (buttons >> 6) & 1;
   447  03EA  0827               	movf	main@buttons,w
   448  03EB  00A0               	movwf	??_main
   449  03EC  3006               	movlw	6
   450  03ED                     u185:	
   451  03ED  1003               	clrc
   452  03EE  0CA0               	rrf	??_main,f
   453  03EF  3EFF               	addlw	-1
   454  03F0  1D03               	skipz
   455  03F1  2BED               	goto	u185
   456  03F2  0820               	movf	??_main,w
   457  03F3  3901               	andlw	1
   458  03F4  00A1               	movwf	??_main+1
   459  03F5  0EA1               	swapf	??_main+1,f
   460  03F6  0DA1               	rlf	??_main+1,f
   461  03F7  0807               	movf	7,w	;volatile
   462  03F8  0621               	xorwf	??_main+1,w
   463  03F9  39DF               	andlw	-33
   464  03FA  0621               	xorwf	??_main+1,w
   465  03FB  0087               	movwf	7	;volatile
   466  03FC  2B4C               	goto	l29
   467  03FD                     __end_of_main:	
   468  005E                     btemp	set	94	;btemp
   469  005E                     wtemp0	set	94


Data Sizes:
    Strings     0
    Constant    0
    Data        0
    BSS         0
    Persistent  0
    Stack       0

Auto Spaces:
    Space          Size  Autos    Used
    COMMON            0      0       0
    BANK0            62      8       8

Pointer List with Targets:

    None.

Critical Paths under _main in COMMON

    None.

Critical Paths under _main in BANK0

    None.

Call Graph Tables:

 ---------------------------------------------------------------------------------
 (Depth) Function   	        Calls       Base Space   Used Autos Params    Refs
 ---------------------------------------------------------------------------------
 (0) _main                                                 8     8      0     249
                                              0 BANK0      8     8      0
 ---------------------------------------------------------------------------------
 Estimated maximum stack depth 0
 ---------------------------------------------------------------------------------

 Call Graph Graphs:

 _main (ROOT)

 Address spaces:
Name               Size   Autos  Total    Cost      Usage
BITCOMMON            0      0       0       0        0.0%
EEDATA              80      0       0       0        0.0%
NULL                 0      0       0       0        0.0%
CODE                 0      0       0       0        0.0%
BITSFR0              0      0       0       1        0.0%
SFR0                 0      0       0       1        0.0%
COMMON               0      0       0       1        0.0%
BITSFR1              0      0       0       2        0.0%
SFR1                 0      0       0       2        0.0%
STACK                0      0       0       2        0.0%
BITBANK0            3E      0       0       3        0.0%
BANK0               3E      8       8       4       12.9%
ABS                  0      0       0       5        0.0%
DATA                 0      0       0       6        0.0%


Microchip Technology PIC Macro Assembler V2.05 build -831301201 
Symbol Table                                                                                   Sun Oct 11 22:13:45 2020

       main@turboCounter 0024              __CFG_CP$OFF 0000                       l30 035E  
                     l29 034C                      l740 0394                      l738 0390  
                    _RA0 0028                      _RA1 0029                      _RA2 002A  
                    u104 036C                      u105 036A                      u125 0384  
                    u207 0357                      u145 0397                      u217 0361  
                    u155 03BD                      u227 0376                      u165 03D0  
                    u175 03DB                      u185 03ED             __CFG_CPD$OFF 0000  
                    u197 0350              main@buttons 0027                     _main 033A  
                   btemp 005E            __CFG_BOREN$ON 0000                     start 0000  
          __CFG_MCLRE$ON 0000                    ?_main 0020            __CFG_WDTE$OFF 0000  
                  _CMCON 0019                    _PORTA 0005                    _PORTC 0007  
                  _TRISA 0085                    _TRISC 0087                    main@i 0025  
                  status 0003                    wtemp0 005E          __initialization 03FD  
           __end_of_main 03FD                   ??_main 0020                   _INTCON 000B  
                 _TRISA0 0428           __CFG_PWRTE$OFF 0000  __end_of__initialization 03FD  
             __pmaintext 033A     end_of_initialization 03FD                _PORTCbits 0007  
    start_initialization 03FD                ___latbits 0000            __pcstackBANK0 0020  
          __size_of_main 00C3        __CFG_FOSC$INTRCIO 0000  
